<?xml version="1.0" encoding="UTF-8"?>
<!-- Generated by org.testng.reporters.JUnitReportReporter -->
<testsuite skipped="0" hostname="NOT-TIS-CON06" name="agt.psrm.appModules.appModules_NIFSearch.pageObjects.test.NIFSearch_SearchTax" tests="1" failures="0" timestamp="12 ago 2019 15:06:44 GMT" time="71.419" errors="0">
  <testcase name="degree360View" time="71.419" classname="agt.psrm.appModules.appModules_NIFSearch.pageObjects.test.NIFSearch_SearchTax"/>
</testsuite> <!-- agt.psrm.appModules.appModules_NIFSearch.pageObjects.test.NIFSearch_SearchTax -->
